[2m2018-08-27 09:42:06.129[0;39m [32m INFO[0;39m [36ms.c.a.AnnotationConfigApplicationContext[0;39m [2m:[0;39m Refreshing org.springframework.context.annotation.AnnotationConfigApplicationContext@2ff9da49: startup date [Mon Aug 27 09:42:06 CST 2018]; root of context hierarchy
[2m2018-08-27 09:42:06.519[0;39m [32m INFO[0;39m [36mptablePropertiesBeanFactoryPostProcessor[0;39m [2m:[0;39m Post-processing PropertySource instances
[2m2018-08-27 09:42:06.570[0;39m [32m INFO[0;39m [36mc.u.j.EncryptablePropertySourceConverter[0;39m [2m:[0;39m Converting PropertySource bootstrap [org.springframework.core.env.MapPropertySource] to EncryptableMapPropertySourceWrapper
[2m2018-08-27 09:42:06.572[0;39m [32m INFO[0;39m [36mc.u.j.EncryptablePropertySourceConverter[0;39m [2m:[0;39m Converting PropertySource servletConfigInitParams [org.springframework.core.env.PropertySource$StubPropertySource] to EncryptablePropertySourceWrapper
[2m2018-08-27 09:42:06.572[0;39m [32m INFO[0;39m [36mc.u.j.EncryptablePropertySourceConverter[0;39m [2m:[0;39m Converting PropertySource servletContextInitParams [org.springframework.core.env.PropertySource$StubPropertySource] to EncryptablePropertySourceWrapper
[2m2018-08-27 09:42:06.573[0;39m [32m INFO[0;39m [36mc.u.j.EncryptablePropertySourceConverter[0;39m [2m:[0;39m Converting PropertySource systemProperties [org.springframework.core.env.MapPropertySource] to EncryptableMapPropertySourceWrapper
[2m2018-08-27 09:42:06.573[0;39m [32m INFO[0;39m [36mc.u.j.EncryptablePropertySourceConverter[0;39m [2m:[0;39m Converting PropertySource systemEnvironment [org.springframework.core.env.SystemEnvironmentPropertySource] to EncryptableMapPropertySourceWrapper
[2m2018-08-27 09:42:06.573[0;39m [32m INFO[0;39m [36mc.u.j.EncryptablePropertySourceConverter[0;39m [2m:[0;39m Converting PropertySource random [org.springframework.boot.context.config.RandomValuePropertySource] to EncryptablePropertySourceWrapper
[2m2018-08-27 09:42:06.573[0;39m [32m INFO[0;39m [36mc.u.j.EncryptablePropertySourceConverter[0;39m [2m:[0;39m Converting PropertySource springCloudClientHostInfo [org.springframework.core.env.MapPropertySource] to EncryptableMapPropertySourceWrapper
[2m2018-08-27 09:42:06.573[0;39m [32m INFO[0;39m [36mc.u.j.EncryptablePropertySourceConverter[0;39m [2m:[0;39m Converting PropertySource refresh [org.springframework.core.env.MapPropertySource] to EncryptableMapPropertySourceWrapper
[2m2018-08-27 09:42:06.573[0;39m [32m INFO[0;39m [36mc.u.j.EncryptablePropertySourceConverter[0;39m [2m:[0;39m Converting PropertySource defaultProperties [org.springframework.core.env.MapPropertySource] to EncryptableMapPropertySourceWrapper
[2m2018-08-27 09:42:06.578[0;39m [32m INFO[0;39m [36mf.a.AutowiredAnnotationBeanPostProcessor[0;39m [2m:[0;39m JSR-330 'javax.inject.Inject' annotation found and supported for autowiring
[2m2018-08-27 09:42:06.679[0;39m [32m INFO[0;39m [36mtrationDelegate$BeanPostProcessorChecker[0;39m [2m:[0;39m Bean 'configurationPropertiesRebinderAutoConfiguration' of type [org.springframework.cloud.autoconfigure.ConfigurationPropertiesRebinderAutoConfiguration$$EnhancerBySpringCGLIB$$73d94991] is not eligible for getting processed by all BeanPostProcessors (for example: not eligible for auto-proxying)
[2m2018-08-27 09:42:07.045[0;39m [32m INFO[0;39m [36mc.u.j.r.DefaultLazyPropertyResolver     [0;39m [2m:[0;39m Property Resolver custom Bean not found with name 'encryptablePropertyResolver'. Initializing Default Property Resolver
[2m2018-08-27 09:42:07.048[0;39m [32m INFO[0;39m [36mc.u.j.d.DefaultLazyPropertyDetector     [0;39m [2m:[0;39m Property Detector custom Bean not found with name 'encryptablePropertyDetector'. Initializing Default Property Detector
[2m2018-08-27 09:42:17.215[0;39m [32m INFO[0;39m [36mEnableEncryptablePropertiesConfiguration[0;39m [2m:[0;39m Bootstraping jasypt-string-boot auto configuration in context: service-ribbon:9011
[2m2018-08-27 09:42:17.216[0;39m [32m INFO[0;39m [36mcom.eureka.ServiceApplication           [0;39m [2m:[0;39m No active profile set, falling back to default profiles: default
[2m2018-08-27 09:42:17.238[0;39m [32m INFO[0;39m [36mationConfigEmbeddedWebApplicationContext[0;39m [2m:[0;39m Refreshing org.springframework.boot.context.embedded.AnnotationConfigEmbeddedWebApplicationContext@30985e00: startup date [Mon Aug 27 09:42:17 CST 2018]; parent: org.springframework.context.annotation.AnnotationConfigApplicationContext@2ff9da49
[2m2018-08-27 09:42:18.201[0;39m [32m INFO[0;39m [36mo.s.cloud.context.scope.GenericScope    [0;39m [2m:[0;39m BeanFactory id=3ae11399-fd92-37fc-a61a-d3302a4eff7e
[2m2018-08-27 09:42:18.206[0;39m [32m INFO[0;39m [36mptablePropertiesBeanFactoryPostProcessor[0;39m [2m:[0;39m Post-processing PropertySource instances
[2m2018-08-27 09:42:18.213[0;39m [32m INFO[0;39m [36mc.u.j.EncryptablePropertySourceConverter[0;39m [2m:[0;39m Converting PropertySource servletConfigInitParams [org.springframework.core.env.PropertySource$StubPropertySource] to EncryptablePropertySourceWrapper
[2m2018-08-27 09:42:18.213[0;39m [32m INFO[0;39m [36mc.u.j.EncryptablePropertySourceConverter[0;39m [2m:[0;39m Converting PropertySource servletContextInitParams [org.springframework.core.env.PropertySource$StubPropertySource] to EncryptablePropertySourceWrapper
[2m2018-08-27 09:42:18.213[0;39m [32m INFO[0;39m [36mc.u.j.EncryptablePropertySourceConverter[0;39m [2m:[0;39m Converting PropertySource systemProperties [org.springframework.core.env.MapPropertySource] to EncryptableMapPropertySourceWrapper
[2m2018-08-27 09:42:18.213[0;39m [32m INFO[0;39m [36mc.u.j.EncryptablePropertySourceConverter[0;39m [2m:[0;39m Converting PropertySource systemEnvironment [org.springframework.core.env.SystemEnvironmentPropertySource] to EncryptableMapPropertySourceWrapper
[2m2018-08-27 09:42:18.213[0;39m [32m INFO[0;39m [36mc.u.j.EncryptablePropertySourceConverter[0;39m [2m:[0;39m Converting PropertySource random [org.springframework.boot.context.config.RandomValuePropertySource] to EncryptablePropertySourceWrapper
[2m2018-08-27 09:42:18.213[0;39m [32m INFO[0;39m [36mc.u.j.EncryptablePropertySourceConverter[0;39m [2m:[0;39m Converting PropertySource applicationConfig: [classpath:/application.properties] [org.springframework.core.env.PropertiesPropertySource] to EncryptableMapPropertySourceWrapper
[2m2018-08-27 09:42:18.213[0;39m [32m INFO[0;39m [36mc.u.j.EncryptablePropertySourceConverter[0;39m [2m:[0;39m Converting PropertySource applicationConfig: [classpath:/application.yml] [org.springframework.core.env.MapPropertySource] to EncryptableMapPropertySourceWrapper
[2m2018-08-27 09:42:18.213[0;39m [32m INFO[0;39m [36mc.u.j.EncryptablePropertySourceConverter[0;39m [2m:[0;39m Converting PropertySource springCloudClientHostInfo [org.springframework.core.env.MapPropertySource] to EncryptableMapPropertySourceWrapper
[2m2018-08-27 09:42:18.214[0;39m [32m INFO[0;39m [36mc.u.j.EncryptablePropertySourceConverter[0;39m [2m:[0;39m Converting PropertySource refresh [org.springframework.core.env.MapPropertySource] to EncryptableMapPropertySourceWrapper
[2m2018-08-27 09:42:18.214[0;39m [32m INFO[0;39m [36mc.u.j.EncryptablePropertySourceConverter[0;39m [2m:[0;39m Converting PropertySource defaultProperties [org.springframework.core.env.MapPropertySource] to EncryptableMapPropertySourceWrapper
[2m2018-08-27 09:42:18.220[0;39m [32m INFO[0;39m [36mf.a.AutowiredAnnotationBeanPostProcessor[0;39m [2m:[0;39m JSR-330 'javax.inject.Inject' annotation found and supported for autowiring
[2m2018-08-27 09:42:18.230[0;39m [32m INFO[0;39m [36mc.u.j.r.DefaultLazyPropertyResolver     [0;39m [2m:[0;39m Property Resolver custom Bean not found with name 'encryptablePropertyResolver'. Initializing Default Property Resolver
[2m2018-08-27 09:42:18.231[0;39m [32m INFO[0;39m [36mc.u.j.d.DefaultLazyPropertyDetector     [0;39m [2m:[0;39m Property Detector custom Bean not found with name 'encryptablePropertyDetector'. Initializing Default Property Detector
[2m2018-08-27 09:42:18.266[0;39m [32m INFO[0;39m [36mtrationDelegate$BeanPostProcessorChecker[0;39m [2m:[0;39m Bean 'org.springframework.cloud.autoconfigure.ConfigurationPropertiesRebinderAutoConfiguration' of type [org.springframework.cloud.autoconfigure.ConfigurationPropertiesRebinderAutoConfiguration$$EnhancerBySpringCGLIB$$73d94991] is not eligible for getting processed by all BeanPostProcessors (for example: not eligible for auto-proxying)
[2m2018-08-27 09:42:18.273[0;39m [32m INFO[0;39m [36mtrationDelegate$BeanPostProcessorChecker[0;39m [2m:[0;39m Bean 'org.springframework.transaction.annotation.ProxyTransactionManagementConfiguration' of type [org.springframework.transaction.annotation.ProxyTransactionManagementConfiguration$$EnhancerBySpringCGLIB$$57bf4694] is not eligible for getting processed by all BeanPostProcessors (for example: not eligible for auto-proxying)
[2m2018-08-27 09:42:18.832[0;39m [32m INFO[0;39m [36ms.b.c.e.t.TomcatEmbeddedServletContainer[0;39m [2m:[0;39m Tomcat initialized with port(s): 9011 (http)
[2m2018-08-27 09:42:18.858[0;39m [32m INFO[0;39m [36mo.apache.catalina.core.StandardService  [0;39m [2m:[0;39m Starting service [Tomcat]
[2m2018-08-27 09:42:18.858[0;39m [32m INFO[0;39m [36morg.apache.catalina.core.StandardEngine [0;39m [2m:[0;39m Starting Servlet Engine: Apache Tomcat/8.5.31
[2m2018-08-27 09:42:18.959[0;39m [32m INFO[0;39m [36mo.a.c.c.C.[Tomcat].[localhost].[/]      [0;39m [2m:[0;39m Initializing Spring embedded WebApplicationContext
[2m2018-08-27 09:42:18.960[0;39m [32m INFO[0;39m [36mo.s.web.context.ContextLoader           [0;39m [2m:[0;39m Root WebApplicationContext: initialization completed in 1722 ms
[2m2018-08-27 09:42:19.152[0;39m [32m INFO[0;39m [36mo.s.b.w.servlet.ServletRegistrationBean [0;39m [2m:[0;39m Mapping servlet: 'dispatcherServlet' to [/]
[2m2018-08-27 09:42:19.155[0;39m [32m INFO[0;39m [36mo.s.b.w.servlet.ServletRegistrationBean [0;39m [2m:[0;39m Mapping servlet: 'statViewServlet' to [/druid/*]
[2m2018-08-27 09:42:19.158[0;39m [32m INFO[0;39m [36mo.s.b.w.servlet.FilterRegistrationBean  [0;39m [2m:[0;39m Mapping filter: 'characterEncodingFilter' to: [/*]
[2m2018-08-27 09:42:19.158[0;39m [32m INFO[0;39m [36mo.s.b.w.servlet.FilterRegistrationBean  [0;39m [2m:[0;39m Mapping filter: 'hiddenHttpMethodFilter' to: [/*]
[2m2018-08-27 09:42:19.158[0;39m [32m INFO[0;39m [36mo.s.b.w.servlet.FilterRegistrationBean  [0;39m [2m:[0;39m Mapping filter: 'httpPutFormContentFilter' to: [/*]
[2m2018-08-27 09:42:19.158[0;39m [32m INFO[0;39m [36mo.s.b.w.servlet.FilterRegistrationBean  [0;39m [2m:[0;39m Mapping filter: 'requestContextFilter' to: [/*]
[2m2018-08-27 09:42:19.158[0;39m [32m INFO[0;39m [36mo.s.b.w.servlet.FilterRegistrationBean  [0;39m [2m:[0;39m Mapping filter: 'webStatFilter' to urls: [/*]
[2m2018-08-27 09:42:19.243[0;39m [32m INFO[0;39m [36mc.a.d.s.b.a.DruidDataSourceAutoConfigure[0;39m [2m:[0;39m Init DruidDataSource
[2m2018-08-27 09:42:19.325[0;39m [32m INFO[0;39m [36mc.u.j.encryptor.DefaultLazyEncryptor    [0;39m [2m:[0;39m String Encryptor custom Bean not found with name 'jasyptStringEncryptor'. Initializing Default String Encryptor
[2m2018-08-27 09:42:19.341[0;39m [32m INFO[0;39m [36mc.u.j.encryptor.DefaultLazyEncryptor    [0;39m [2m:[0;39m Encryptor config not found for property jasypt.encryptor.algorithm, using default value: PBEWithMD5AndDES
[2m2018-08-27 09:42:19.341[0;39m [32m INFO[0;39m [36mc.u.j.encryptor.DefaultLazyEncryptor    [0;39m [2m:[0;39m Encryptor config not found for property jasypt.encryptor.keyObtentionIterations, using default value: 1000
[2m2018-08-27 09:42:19.341[0;39m [32m INFO[0;39m [36mc.u.j.encryptor.DefaultLazyEncryptor    [0;39m [2m:[0;39m Encryptor config not found for property jasypt.encryptor.poolSize, using default value: 1
[2m2018-08-27 09:42:19.342[0;39m [32m INFO[0;39m [36mc.u.j.encryptor.DefaultLazyEncryptor    [0;39m [2m:[0;39m Encryptor config not found for property jasypt.encryptor.providerName, using default value: null
[2m2018-08-27 09:42:19.342[0;39m [32m INFO[0;39m [36mc.u.j.encryptor.DefaultLazyEncryptor    [0;39m [2m:[0;39m Encryptor config not found for property jasypt.encryptor.providerClassName, using default value: null
[2m2018-08-27 09:42:19.342[0;39m [32m INFO[0;39m [36mc.u.j.encryptor.DefaultLazyEncryptor    [0;39m [2m:[0;39m Encryptor config not found for property jasypt.encryptor.saltGeneratorClassname, using default value: org.jasypt.salt.RandomSaltGenerator
[2m2018-08-27 09:42:19.343[0;39m [32m INFO[0;39m [36mc.u.j.encryptor.DefaultLazyEncryptor    [0;39m [2m:[0;39m Encryptor config not found for property jasypt.encryptor.stringOutputType, using default value: base64
[2m2018-08-27 09:42:20.689[0;39m [32m INFO[0;39m [36mcom.alibaba.druid.pool.DruidDataSource  [0;39m [2m:[0;39m {dataSource-1} inited
[2m2018-08-27 09:42:21.529[0;39m [32m INFO[0;39m [36ms.w.s.m.m.a.RequestMappingHandlerAdapter[0;39m [2m:[0;39m Looking for @ControllerAdvice: org.springframework.boot.context.embedded.AnnotationConfigEmbeddedWebApplicationContext@30985e00: startup date [Mon Aug 27 09:42:17 CST 2018]; parent: org.springframework.context.annotation.AnnotationConfigApplicationContext@2ff9da49
[2m2018-08-27 09:42:21.595[0;39m [32m INFO[0;39m [36ms.w.s.m.m.a.RequestMappingHandlerMapping[0;39m [2m:[0;39m Mapped "{[/start],methods=[GET]}" onto public java.lang.String com.eureka.controller.UserLoginController.getList()
[2m2018-08-27 09:42:21.599[0;39m [32m INFO[0;39m [36ms.w.s.m.m.a.RequestMappingHandlerMapping[0;39m [2m:[0;39m Mapped "{[/error]}" onto public org.springframework.http.ResponseEntity<java.util.Map<java.lang.String, java.lang.Object>> org.springframework.boot.autoconfigure.web.BasicErrorController.error(javax.servlet.http.HttpServletRequest)
[2m2018-08-27 09:42:21.600[0;39m [32m INFO[0;39m [36ms.w.s.m.m.a.RequestMappingHandlerMapping[0;39m [2m:[0;39m Mapped "{[/error],produces=[text/html]}" onto public org.springframework.web.servlet.ModelAndView org.springframework.boot.autoconfigure.web.BasicErrorController.errorHtml(javax.servlet.http.HttpServletRequest,javax.servlet.http.HttpServletResponse)
[2m2018-08-27 09:42:21.642[0;39m [32m INFO[0;39m [36mo.s.w.s.handler.SimpleUrlHandlerMapping [0;39m [2m:[0;39m Mapped URL path [/webjars/**] onto handler of type [class org.springframework.web.servlet.resource.ResourceHttpRequestHandler]
[2m2018-08-27 09:42:21.642[0;39m [32m INFO[0;39m [36mo.s.w.s.handler.SimpleUrlHandlerMapping [0;39m [2m:[0;39m Mapped URL path [/**] onto handler of type [class org.springframework.web.servlet.resource.ResourceHttpRequestHandler]
[2m2018-08-27 09:42:21.686[0;39m [32m INFO[0;39m [36mo.s.w.s.handler.SimpleUrlHandlerMapping [0;39m [2m:[0;39m Mapped URL path [/**/favicon.ico] onto handler of type [class org.springframework.web.servlet.resource.ResourceHttpRequestHandler]
[2m2018-08-27 09:42:22.061[0;39m [32m INFO[0;39m [36mo.s.b.d.a.OptionalLiveReloadServer      [0;39m [2m:[0;39m LiveReload server is running on port 35729
[2m2018-08-27 09:42:22.153[0;39m [33m WARN[0;39m [36mc.n.c.sources.URLConfigurationSource    [0;39m [2m:[0;39m No URLs will be polled as dynamic configuration sources.
[2m2018-08-27 09:42:22.154[0;39m [32m INFO[0;39m [36mc.n.c.sources.URLConfigurationSource    [0;39m [2m:[0;39m To enable URLs as dynamic configuration sources, define System property archaius.configurationSource.additionalUrls or make config.properties available on classpath.
[2m2018-08-27 09:42:22.161[0;39m [33m WARN[0;39m [36mc.n.c.sources.URLConfigurationSource    [0;39m [2m:[0;39m No URLs will be polled as dynamic configuration sources.
[2m2018-08-27 09:42:22.161[0;39m [32m INFO[0;39m [36mc.n.c.sources.URLConfigurationSource    [0;39m [2m:[0;39m To enable URLs as dynamic configuration sources, define System property archaius.configurationSource.additionalUrls or make config.properties available on classpath.
[2m2018-08-27 09:42:22.252[0;39m [32m INFO[0;39m [36mo.s.j.e.a.AnnotationMBeanExporter       [0;39m [2m:[0;39m Registering beans for JMX exposure on startup
[2m2018-08-27 09:42:22.256[0;39m [32m INFO[0;39m [36mo.s.j.e.a.AnnotationMBeanExporter       [0;39m [2m:[0;39m Bean with name 'statFilter' has been autodetected for JMX exposure
[2m2018-08-27 09:42:22.257[0;39m [32m INFO[0;39m [36mo.s.j.e.a.AnnotationMBeanExporter       [0;39m [2m:[0;39m Bean with name 'dataSource' has been autodetected for JMX exposure
[2m2018-08-27 09:42:22.267[0;39m [32m INFO[0;39m [36mo.s.j.e.a.AnnotationMBeanExporter       [0;39m [2m:[0;39m Bean with name 'environmentManager' has been autodetected for JMX exposure
[2m2018-08-27 09:42:22.270[0;39m [32m INFO[0;39m [36mo.s.j.e.a.AnnotationMBeanExporter       [0;39m [2m:[0;39m Bean with name 'configurationPropertiesRebinder' has been autodetected for JMX exposure
[2m2018-08-27 09:42:22.275[0;39m [32m INFO[0;39m [36mo.s.j.e.a.AnnotationMBeanExporter       [0;39m [2m:[0;39m Bean with name 'refreshScope' has been autodetected for JMX exposure
[2m2018-08-27 09:42:22.283[0;39m [32m INFO[0;39m [36mo.s.j.e.a.AnnotationMBeanExporter       [0;39m [2m:[0;39m Located managed bean 'environmentManager': registering with JMX server as MBean [org.springframework.cloud.context.environment:name=environmentManager,type=EnvironmentManager]
[2m2018-08-27 09:42:22.300[0;39m [32m INFO[0;39m [36mo.s.j.e.a.AnnotationMBeanExporter       [0;39m [2m:[0;39m Located managed bean 'refreshScope': registering with JMX server as MBean [org.springframework.cloud.context.scope.refresh:name=refreshScope,type=RefreshScope]
[2m2018-08-27 09:42:22.317[0;39m [32m INFO[0;39m [36mo.s.j.e.a.AnnotationMBeanExporter       [0;39m [2m:[0;39m Located managed bean 'configurationPropertiesRebinder': registering with JMX server as MBean [org.springframework.cloud.context.properties:name=configurationPropertiesRebinder,context=30985e00,type=ConfigurationPropertiesRebinder]
[2m2018-08-27 09:42:22.326[0;39m [32m INFO[0;39m [36mo.s.j.e.a.AnnotationMBeanExporter       [0;39m [2m:[0;39m Located MBean 'dataSource': registering with JMX server as MBean [com.alibaba.druid.spring.boot.autoconfigure:name=dataSource,type=DruidDataSourceWrapper]
[2m2018-08-27 09:42:22.326[0;39m [32m INFO[0;39m [36mo.s.j.e.a.AnnotationMBeanExporter       [0;39m [2m:[0;39m Located MBean 'statFilter': registering with JMX server as MBean [com.alibaba.druid.filter.stat:name=statFilter,type=StatFilter]
[2m2018-08-27 09:42:22.773[0;39m [32m INFO[0;39m [36mo.s.c.support.DefaultLifecycleProcessor [0;39m [2m:[0;39m Starting beans in phase 0
[2m2018-08-27 09:42:22.783[0;39m [32m INFO[0;39m [36mo.s.c.n.eureka.InstanceInfoFactory      [0;39m [2m:[0;39m Setting initial instance status as: STARTING
[2m2018-08-27 09:42:22.842[0;39m [32m INFO[0;39m [36mcom.netflix.discovery.DiscoveryClient   [0;39m [2m:[0;39m Initializing Eureka in region us-east-1
[2m2018-08-27 09:42:22.961[0;39m [32m INFO[0;39m [36mc.n.d.provider.DiscoveryJerseyProvider  [0;39m [2m:[0;39m Using JSON encoding codec LegacyJacksonJson
[2m2018-08-27 09:42:22.961[0;39m [32m INFO[0;39m [36mc.n.d.provider.DiscoveryJerseyProvider  [0;39m [2m:[0;39m Using JSON decoding codec LegacyJacksonJson
[2m2018-08-27 09:42:23.103[0;39m [32m INFO[0;39m [36mc.n.d.provider.DiscoveryJerseyProvider  [0;39m [2m:[0;39m Using XML encoding codec XStreamXml
[2m2018-08-27 09:42:23.103[0;39m [32m INFO[0;39m [36mc.n.d.provider.DiscoveryJerseyProvider  [0;39m [2m:[0;39m Using XML decoding codec XStreamXml
[2m2018-08-27 09:42:23.434[0;39m [32m INFO[0;39m [36mc.n.d.s.r.aws.ConfigClusterResolver     [0;39m [2m:[0;39m Resolving eureka endpoints via configuration
[2m2018-08-27 09:42:23.458[0;39m [32m INFO[0;39m [36mcom.netflix.discovery.DiscoveryClient   [0;39m [2m:[0;39m Disable delta property : false
[2m2018-08-27 09:42:23.458[0;39m [32m INFO[0;39m [36mcom.netflix.discovery.DiscoveryClient   [0;39m [2m:[0;39m Single vip registry refresh property : null
[2m2018-08-27 09:42:23.458[0;39m [32m INFO[0;39m [36mcom.netflix.discovery.DiscoveryClient   [0;39m [2m:[0;39m Force full registry fetch : false
[2m2018-08-27 09:42:23.458[0;39m [32m INFO[0;39m [36mcom.netflix.discovery.DiscoveryClient   [0;39m [2m:[0;39m Application is null : false
[2m2018-08-27 09:42:23.458[0;39m [32m INFO[0;39m [36mcom.netflix.discovery.DiscoveryClient   [0;39m [2m:[0;39m Registered Applications size is zero : true
[2m2018-08-27 09:42:23.458[0;39m [32m INFO[0;39m [36mcom.netflix.discovery.DiscoveryClient   [0;39m [2m:[0;39m Application version is -1: true
[2m2018-08-27 09:42:23.458[0;39m [32m INFO[0;39m [36mcom.netflix.discovery.DiscoveryClient   [0;39m [2m:[0;39m Getting all instance registry info from the eureka server
[2m2018-08-27 09:42:23.734[0;39m [32m INFO[0;39m [36mcom.netflix.discovery.DiscoveryClient   [0;39m [2m:[0;39m The response status is 200
[2m2018-08-27 09:42:23.735[0;39m [32m INFO[0;39m [36mcom.netflix.discovery.DiscoveryClient   [0;39m [2m:[0;39m Starting heartbeat executor: renew interval is: 1
[2m2018-08-27 09:42:23.737[0;39m [32m INFO[0;39m [36mc.n.discovery.InstanceInfoReplicator    [0;39m [2m:[0;39m InstanceInfoReplicator onDemand update allowed rate per min is 4
[2m2018-08-27 09:42:23.741[0;39m [32m INFO[0;39m [36mcom.netflix.discovery.DiscoveryClient   [0;39m [2m:[0;39m Discovery Client initialized at timestamp 1535334143740 with initial instances count: 0
[2m2018-08-27 09:42:23.762[0;39m [32m INFO[0;39m [36mo.s.c.n.e.s.EurekaServiceRegistry       [0;39m [2m:[0;39m Registering application service-ribbon with eureka with status UP
[2m2018-08-27 09:42:23.763[0;39m [32m INFO[0;39m [36mcom.netflix.discovery.DiscoveryClient   [0;39m [2m:[0;39m Saw local status change event StatusChangeEvent [timestamp=1535334143763, current=UP, previous=STARTING]
[2m2018-08-27 09:42:23.765[0;39m [32m INFO[0;39m [36mcom.netflix.discovery.DiscoveryClient   [0;39m [2m:[0;39m DiscoveryClient_SERVICE-RIBBON/1.2.4.199:service-ribbon:9011: registering service...
[2m2018-08-27 09:42:23.847[0;39m [32m INFO[0;39m [36ms.b.c.e.t.TomcatEmbeddedServletContainer[0;39m [2m:[0;39m Tomcat started on port(s): 9011 (http)
[2m2018-08-27 09:42:23.848[0;39m [32m INFO[0;39m [36m.s.c.n.e.s.EurekaAutoServiceRegistration[0;39m [2m:[0;39m Updating port to 9011
[2m2018-08-27 09:42:23.852[0;39m [32m INFO[0;39m [36mcom.eureka.ServiceApplication           [0;39m [2m:[0;39m Started ServiceApplication in 29.237 seconds (JVM running for 35.804)
[2m2018-08-27 09:42:24.004[0;39m [32m INFO[0;39m [36mcom.netflix.discovery.DiscoveryClient   [0;39m [2m:[0;39m DiscoveryClient_SERVICE-RIBBON/1.2.4.199:service-ribbon:9011 - registration status: 204
[2m2018-08-27 09:42:53.741[0;39m [32m INFO[0;39m [36mcom.netflix.discovery.DiscoveryClient   [0;39m [2m:[0;39m Disable delta property : false
[2m2018-08-27 09:42:53.742[0;39m [32m INFO[0;39m [36mcom.netflix.discovery.DiscoveryClient   [0;39m [2m:[0;39m Single vip registry refresh property : null
[2m2018-08-27 09:42:53.742[0;39m [32m INFO[0;39m [36mcom.netflix.discovery.DiscoveryClient   [0;39m [2m:[0;39m Force full registry fetch : false
[2m2018-08-27 09:42:53.742[0;39m [32m INFO[0;39m [36mcom.netflix.discovery.DiscoveryClient   [0;39m [2m:[0;39m Application is null : false
[2m2018-08-27 09:42:53.742[0;39m [32m INFO[0;39m [36mcom.netflix.discovery.DiscoveryClient   [0;39m [2m:[0;39m Registered Applications size is zero : true
[2m2018-08-27 09:42:53.742[0;39m [32m INFO[0;39m [36mcom.netflix.discovery.DiscoveryClient   [0;39m [2m:[0;39m Application version is -1: false
[2m2018-08-27 09:42:53.742[0;39m [32m INFO[0;39m [36mcom.netflix.discovery.DiscoveryClient   [0;39m [2m:[0;39m Getting all instance registry info from the eureka server
[2m2018-08-27 09:42:53.860[0;39m [32m INFO[0;39m [36mcom.netflix.discovery.DiscoveryClient   [0;39m [2m:[0;39m The response status is 200
[2m2018-08-27 09:47:23.472[0;39m [32m INFO[0;39m [36mc.n.d.s.r.aws.ConfigClusterResolver     [0;39m [2m:[0;39m Resolving eureka endpoints via configuration
[2m2018-08-27 09:52:23.485[0;39m [32m INFO[0;39m [36mc.n.d.s.r.aws.ConfigClusterResolver     [0;39m [2m:[0;39m Resolving eureka endpoints via configuration
[2m2018-08-27 09:57:23.507[0;39m [32m INFO[0;39m [36mc.n.d.s.r.aws.ConfigClusterResolver     [0;39m [2m:[0;39m Resolving eureka endpoints via configuration
[2m2018-08-27 10:02:23.521[0;39m [32m INFO[0;39m [36mc.n.d.s.r.aws.ConfigClusterResolver     [0;39m [2m:[0;39m Resolving eureka endpoints via configuration
[2m2018-08-27 10:06:05.805[0;39m [32m INFO[0;39m [36mationConfigEmbeddedWebApplicationContext[0;39m [2m:[0;39m Closing org.springframework.boot.context.embedded.AnnotationConfigEmbeddedWebApplicationContext@30985e00: startup date [Mon Aug 27 09:42:17 CST 2018]; parent: org.springframework.context.annotation.AnnotationConfigApplicationContext@2ff9da49
[2m2018-08-27 10:06:05.807[0;39m [32m INFO[0;39m [36mo.s.c.n.e.s.EurekaServiceRegistry       [0;39m [2m:[0;39m Unregistering application service-ribbon with eureka with status DOWN
[2m2018-08-27 10:06:05.807[0;39m [33m WARN[0;39m [36mcom.netflix.discovery.DiscoveryClient   [0;39m [2m:[0;39m Saw local status change event StatusChangeEvent [timestamp=1535335565807, current=DOWN, previous=UP]
[2m2018-08-27 10:06:05.807[0;39m [32m INFO[0;39m [36mcom.netflix.discovery.DiscoveryClient   [0;39m [2m:[0;39m DiscoveryClient_SERVICE-RIBBON/1.2.4.199:service-ribbon:9011: registering service...
[2m2018-08-27 10:06:05.808[0;39m [32m INFO[0;39m [36mcom.netflix.discovery.DiscoveryClient   [0;39m [2m:[0;39m Shutting down DiscoveryClient ...
[2m2018-08-27 10:06:05.809[0;39m [32m INFO[0;39m [36mcom.netflix.discovery.DiscoveryClient   [0;39m [2m:[0;39m Unregistering ...
[2m2018-08-27 10:06:05.898[0;39m [32m INFO[0;39m [36mcom.netflix.discovery.DiscoveryClient   [0;39m [2m:[0;39m DiscoveryClient_SERVICE-RIBBON/1.2.4.199:service-ribbon:9011 - deregister  status: 200
[2m2018-08-27 10:06:05.920[0;39m [32m INFO[0;39m [36mcom.netflix.discovery.DiscoveryClient   [0;39m [2m:[0;39m Completed shut down of DiscoveryClient
[2m2018-08-27 10:06:05.924[0;39m [32m INFO[0;39m [36mo.s.c.support.DefaultLifecycleProcessor [0;39m [2m:[0;39m Stopping beans in phase 0
[2m2018-08-27 10:06:05.928[0;39m [32m INFO[0;39m [36mo.s.j.e.a.AnnotationMBeanExporter       [0;39m [2m:[0;39m Unregistering JMX-exposed beans on shutdown
[2m2018-08-27 10:06:05.928[0;39m [32m INFO[0;39m [36mo.s.j.e.a.AnnotationMBeanExporter       [0;39m [2m:[0;39m Unregistering JMX-exposed beans
[2m2018-08-27 10:06:05.933[0;39m [32m INFO[0;39m [36mcom.netflix.discovery.DiscoveryClient   [0;39m [2m:[0;39m DiscoveryClient_SERVICE-RIBBON/1.2.4.199:service-ribbon:9011 - registration status: 204
[2m2018-08-27 10:06:05.944[0;39m [32m INFO[0;39m [36mcom.alibaba.druid.pool.DruidDataSource  [0;39m [2m:[0;39m {dataSource-1} closed
